<?xml version="1.0" encoding="UTF-8"?>
<!-- Generated by org.testng.reporters.JUnitReportReporter -->
<testsuite hostname="DESKTOP-2BIDBLH" failures="0" tests="1" name="neoStoxTestClasses.ValidateNeoStoxUserName" time="15.225" errors="0" timestamp="2022-12-09T19:23:34 IST" skipped="0">
  <testcase classname="neoStoxTestClasses.ValidateNeoStoxUserName" name="validateUserName" time="15.225"/>
  <system-out>
    <![CDATA[Getting actual username.
Reading expUserName from property file.
TC validateUserName passed successfully.]]>
  </system-out>
</testsuite> <!-- neoStoxTestClasses.ValidateNeoStoxUserName -->
